<?xml version="1.0" encoding="UTF-8" standalone="no"?>
<!DOCTYPE log SYSTEM "logger.dtd">
<log>
<record>
  <date>2023-11-22T09:36:37.362880900Z</date>
  <millis>1700645797362</millis>
  <nanos>880900</nanos>
  <sequence>0</sequence>
  <level>START</level>
  <class>com.kms.katalon.core.logging.XmlKeywordLogger</class>
  <method>startSuite</method>
  <thread>1</thread>
  <message>Start Test Suite : Test Suites/TSs_Luồng cấp mới/Success_Luồng Thuận</message>
  <nestedLevel>0</nestedLevel>
  <escapedJava>false</escapedJava>
  <property name="rerunTestFailImmediately">true</property>
  <property name="retryCount">3</property>
  <property name="name">Success_Luồng Thuận</property>
  <property name="description"></property>
  <property name="id">Test Suites/TSs_Luồng cấp mới/Success_Luồng Thuận</property>
</record>
<record>
  <date>2023-11-22T09:36:37.375844100Z</date>
  <millis>1700645797375</millis>
  <nanos>844100</nanos>
  <sequence>1</sequence>
  <level>RUN_DATA</level>
  <class>com.kms.katalon.core.logging.XmlKeywordLogger</class>
  <method>logMessage</method>
  <thread>1</thread>
  <message>hostName = minhhv2 - HO-MINHHV2.ho.msb.com.vn</message>
  <nestedLevel>0</nestedLevel>
  <escapedJava>false</escapedJava>
  <property name="hostName">minhhv2 - HO-MINHHV2.ho.msb.com.vn</property>
</record>
<record>
  <date>2023-11-22T09:36:37.375844100Z</date>
  <millis>1700645797375</millis>
  <nanos>844100</nanos>
  <sequence>2</sequence>
  <level>RUN_DATA</level>
  <class>com.kms.katalon.core.logging.XmlKeywordLogger</class>
  <method>logMessage</method>
  <thread>1</thread>
  <message>os = Windows 10 64bit</message>
  <nestedLevel>0</nestedLevel>
  <escapedJava>false</escapedJava>
  <property name="os">Windows 10 64bit</property>
</record>
<record>
  <date>2023-11-22T09:36:37.376841300Z</date>
  <millis>1700645797376</millis>
  <nanos>841300</nanos>
  <sequence>3</sequence>
  <level>RUN_DATA</level>
  <class>com.kms.katalon.core.logging.XmlKeywordLogger</class>
  <method>logMessage</method>
  <thread>1</thread>
  <message>hostAddress = 10.2.64.166</message>
  <nestedLevel>0</nestedLevel>
  <escapedJava>false</escapedJava>
  <property name="hostAddress">10.2.64.166</property>
</record>
<record>
  <date>2023-11-22T09:36:37.376841300Z</date>
  <millis>1700645797376</millis>
  <nanos>841300</nanos>
  <sequence>4</sequence>
  <level>RUN_DATA</level>
  <class>com.kms.katalon.core.logging.XmlKeywordLogger</class>
  <method>logMessage</method>
  <thread>1</thread>
  <message>katalonVersion = 9.0.0.212</message>
  <nestedLevel>0</nestedLevel>
  <escapedJava>false</escapedJava>
  <property name="katalonVersion">9.0.0.212</property>
</record>
<record>
  <date>2023-11-22T09:36:37.477569500Z</date>
  <millis>1700645797477</millis>
  <nanos>569500</nanos>
  <sequence>5</sequence>
  <level>START</level>
  <class>com.kms.katalon.core.logging.XmlKeywordLogger</class>
  <method>startTest</method>
  <thread>1</thread>
  <message>Start Test Case : Test Cases/TCs_Luồng cấp mới/TCs_Nhập dữ liệu_Thông tin hồ sơ/TCs_Nhập dữ liệu_Thông tin hồ sơ_Thông tin khởi tạo</message>
  <nestedLevel>1</nestedLevel>
  <escapedJava>false</escapedJava>
  <property name="remainingRetryCount">3</property>
  <property name="name">Test Cases/TCs_Luồng cấp mới/TCs_Nhập dữ liệu_Thông tin hồ sơ/TCs_Nhập dữ liệu_Thông tin hồ sơ_Thông tin khởi tạo</property>
  <property name="description"></property>
  <property name="iteration"></property>
  <property name="id">Test Cases/TCs_Luồng cấp mới/TCs_Nhập dữ liệu_Thông tin hồ sơ/TCs_Nhập dữ liệu_Thông tin hồ sơ_Thông tin khởi tạo</property>
  <property name="source">D:\MSB\BPM\Katalon\Katalon_BPM_BOSBO\Test Cases\TCs_Luồng cấp mới\TCs_Nhập dữ liệu_Thông tin hồ sơ\TCs_Nhập dữ liệu_Thông tin hồ sơ_Thông tin khởi tạo.tc</property>
  <property name="tag"></property>
  <property name="isOptional">false</property>
  <property name="currentRetryCount">0</property>
</record>
<record>
  <date>2023-11-22T09:36:37.531423700Z</date>
  <millis>1700645797531</millis>
  <nanos>423700</nanos>
  <sequence>7</sequence>
  <level>INFO</level>
  <class>com.kms.katalon.core.logging.XmlKeywordLogger</class>
  <method>logMessage</method>
  <thread>1</thread>
  <message>(Default) MaDoiTac_Valid = 000123</message>
  <nestedLevel>1</nestedLevel>
  <escapedJava>false</escapedJava>
</record>
<record>
  <date>2023-11-22T09:36:37.686007600Z</date>
  <millis>1700645797686</millis>
  <nanos>7600</nanos>
  <sequence>8</sequence>
  <level>START</level>
  <class>com.kms.katalon.core.logging.XmlKeywordLogger</class>
  <method>startKeyword</method>
  <thread>1</thread>
  <message>Start action : callTestCase(findTestCase(&amp;quot;TCs_Luồng cấp mới/TCs_Tìm kiếm và khởi tạo/TCs_Khởi tạo yêu cầu&amp;quot;), [:], STOP_ON_FAILURE)</message>
  <nestedLevel>1</nestedLevel>
  <escapedJava>false</escapedJava>
  <property name="startLine">20</property>
  <property name="stepIndex">1</property>
</record>
<record>
  <date>2023-11-22T09:36:37.817680400Z</date>
  <millis>1700645797817</millis>
  <nanos>680400</nanos>
  <sequence>11</sequence>
  <level>START</level>
  <class>com.kms.katalon.core.logging.XmlKeywordLogger</class>
  <method>startTest</method>
  <thread>1</thread>
  <message>Start Test Case : Test Cases/TCs_Luồng cấp mới/TCs_Tìm kiếm và khởi tạo/TCs_Khởi tạo yêu cầu</message>
  <nestedLevel>2</nestedLevel>
  <escapedJava>false</escapedJava>
  <property name="name">Test Cases/TCs_Luồng cấp mới/TCs_Tìm kiếm và khởi tạo/TCs_Khởi tạo yêu cầu</property>
  <property name="description"></property>
  <property name="iteration"></property>
  <property name="id">Test Cases/TCs_Luồng cấp mới/TCs_Tìm kiếm và khởi tạo/TCs_Khởi tạo yêu cầu</property>
  <property name="source">D:\MSB\BPM\Katalon\Katalon_BPM_BOSBO\Test Cases\TCs_Luồng cấp mới\TCs_Tìm kiếm và khởi tạo\TCs_Khởi tạo yêu cầu.tc</property>
  <property name="tag"></property>
  <property name="isOptional">false</property>
</record>
<record>
  <date>2023-11-22T09:36:37.884471700Z</date>
  <millis>1700645797884</millis>
  <nanos>471700</nanos>
  <sequence>13</sequence>
  <level>START</level>
  <class>com.kms.katalon.core.logging.XmlKeywordLogger</class>
  <method>startKeyword</method>
  <thread>1</thread>
  <message>Start action : callTestCase(findTestCase(&amp;quot;TCs_Luồng cấp mới/TCs_Tìm kiếm và khởi tạo/TCs_Tìm kiếm&amp;quot;), [&amp;quot;ma_dinh_danh_1111&amp;quot;:&amp;quot;1111&amp;quot;], STOP_ON_FAILURE)</message>
  <nestedLevel>1</nestedLevel>
  <escapedJava>false</escapedJava>
  <property name="startLine">20</property>
  <property name="stepIndex">1</property>
</record>
<record>
  <date>2023-11-22T09:36:37.942315800Z</date>
  <millis>1700645797942</millis>
  <nanos>315800</nanos>
  <sequence>16</sequence>
  <level>START</level>
  <class>com.kms.katalon.core.logging.XmlKeywordLogger</class>
  <method>startTest</method>
  <thread>1</thread>
  <message>Start Test Case : Test Cases/TCs_Luồng cấp mới/TCs_Tìm kiếm và khởi tạo/TCs_Tìm kiếm</message>
  <nestedLevel>3</nestedLevel>
  <escapedJava>false</escapedJava>
  <property name="name">Test Cases/TCs_Luồng cấp mới/TCs_Tìm kiếm và khởi tạo/TCs_Tìm kiếm</property>
  <property name="description"></property>
  <property name="iteration"></property>
  <property name="id">Test Cases/TCs_Luồng cấp mới/TCs_Tìm kiếm và khởi tạo/TCs_Tìm kiếm</property>
  <property name="source">D:\MSB\BPM\Katalon\Katalon_BPM_BOSBO\Test Cases\TCs_Luồng cấp mới\TCs_Tìm kiếm và khởi tạo\TCs_Tìm kiếm.tc</property>
  <property name="tag"></property>
  <property name="isOptional">false</property>
</record>
<record>
  <date>2023-11-22T09:36:37.952289100Z</date>
  <millis>1700645797952</millis>
  <nanos>289100</nanos>
  <sequence>18</sequence>
  <level>INFO</level>
  <class>com.kms.katalon.core.logging.XmlKeywordLogger</class>
  <method>logMessage</method>
  <thread>1</thread>
  <message>ma_dinh_danh_1111 = 1111</message>
  <nestedLevel>3</nestedLevel>
  <escapedJava>false</escapedJava>
</record>
<record>
  <date>2023-11-22T09:36:37.994175600Z</date>
  <millis>1700645797994</millis>
  <nanos>175600</nanos>
  <sequence>19</sequence>
  <level>START</level>
  <class>com.kms.katalon.core.logging.XmlKeywordLogger</class>
  <method>startKeyword</method>
  <thread>1</thread>
  <message>Start action : callTestCase(findTestCase(&amp;quot;TCs_Luồng cấp mới/TCs_Truy cập khay/TCs_Truy cập khay_Yêu cầu cần xử lý&amp;quot;), [:], STOP_ON_FAILURE)</message>
  <nestedLevel>1</nestedLevel>
  <escapedJava>false</escapedJava>
  <property name="startLine">20</property>
  <property name="stepIndex">1</property>
</record>
<record>
  <date>2023-11-22T09:36:38.052021100Z</date>
  <millis>1700645798052</millis>
  <nanos>21100</nanos>
  <sequence>22</sequence>
  <level>START</level>
  <class>com.kms.katalon.core.logging.XmlKeywordLogger</class>
  <method>startTest</method>
  <thread>1</thread>
  <message>Start Test Case : Test Cases/TCs_Luồng cấp mới/TCs_Truy cập khay/TCs_Truy cập khay_Yêu cầu cần xử lý</message>
  <nestedLevel>4</nestedLevel>
  <escapedJava>false</escapedJava>
  <property name="name">Test Cases/TCs_Luồng cấp mới/TCs_Truy cập khay/TCs_Truy cập khay_Yêu cầu cần xử lý</property>
  <property name="description"></property>
  <property name="iteration"></property>
  <property name="id">Test Cases/TCs_Luồng cấp mới/TCs_Truy cập khay/TCs_Truy cập khay_Yêu cầu cần xử lý</property>
  <property name="source">D:\MSB\BPM\Katalon\Katalon_BPM_BOSBO\Test Cases\TCs_Luồng cấp mới\TCs_Truy cập khay\TCs_Truy cập khay_Yêu cầu cần xử lý.tc</property>
  <property name="tag"></property>
  <property name="isOptional">false</property>
</record>
<record>
  <date>2023-11-22T09:36:38.097897800Z</date>
  <millis>1700645798097</millis>
  <nanos>897800</nanos>
  <sequence>24</sequence>
  <level>START</level>
  <class>com.kms.katalon.core.logging.XmlKeywordLogger</class>
  <method>startKeyword</method>
  <thread>1</thread>
  <message>Start action : callTestCase(findTestCase(&amp;quot;TCs_Luồng cấp mới/TCs_Đăng nhập/Login_Role RM&amp;quot;), [&amp;quot;username_rm&amp;quot;:&amp;quot;maidt11_rm&amp;quot;, &amp;quot;password_rm&amp;quot;:&amp;quot;HeCM15nHKBI=&amp;quot;], STOP_ON_FAILURE)</message>
  <nestedLevel>1</nestedLevel>
  <escapedJava>false</escapedJava>
  <property name="startLine">20</property>
  <property name="stepIndex">1</property>
</record>
<record>
  <date>2023-11-22T09:36:38.156738800Z</date>
  <millis>1700645798156</millis>
  <nanos>738800</nanos>
  <sequence>27</sequence>
  <level>START</level>
  <class>com.kms.katalon.core.logging.XmlKeywordLogger</class>
  <method>startTest</method>
  <thread>1</thread>
  <message>Start Test Case : Test Cases/TCs_Luồng cấp mới/TCs_Đăng nhập/Login_Role RM</message>
  <nestedLevel>5</nestedLevel>
  <escapedJava>false</escapedJava>
  <property name="name">Test Cases/TCs_Luồng cấp mới/TCs_Đăng nhập/Login_Role RM</property>
  <property name="description"></property>
  <property name="iteration"></property>
  <property name="id">Test Cases/TCs_Luồng cấp mới/TCs_Đăng nhập/Login_Role RM</property>
  <property name="source">D:\MSB\BPM\Katalon\Katalon_BPM_BOSBO\Test Cases\TCs_Luồng cấp mới\TCs_Đăng nhập\Login_Role RM.tc</property>
  <property name="tag"></property>
  <property name="isOptional">false</property>
</record>
<record>
  <date>2023-11-22T09:36:38.167710Z</date>
  <millis>1700645798167</millis>
  <nanos>710000</nanos>
  <sequence>29</sequence>
  <level>INFO</level>
  <class>com.kms.katalon.core.logging.XmlKeywordLogger</class>
  <method>logMessage</method>
  <thread>1</thread>
  <message>username_rm = **********</message>
  <nestedLevel>5</nestedLevel>
  <escapedJava>false</escapedJava>
</record>
<record>
  <date>2023-11-22T09:36:38.167710Z</date>
  <millis>1700645798167</millis>
  <nanos>710000</nanos>
  <sequence>30</sequence>
  <level>INFO</level>
  <class>com.kms.katalon.core.logging.XmlKeywordLogger</class>
  <method>logMessage</method>
  <thread>1</thread>
  <message>password_rm = HeCM15nHKBI=</message>
  <nestedLevel>5</nestedLevel>
  <escapedJava>false</escapedJava>
</record>
<record>
  <date>2023-11-22T09:36:38.208599200Z</date>
  <millis>1700645798208</millis>
  <nanos>599200</nanos>
  <sequence>31</sequence>
  <level>START</level>
  <class>com.kms.katalon.core.logging.XmlKeywordLogger</class>
  <method>startKeyword</method>
  <thread>1</thread>
  <message>Start action : openBrowser(&amp;quot;&amp;quot;)</message>
  <nestedLevel>1</nestedLevel>
  <escapedJava>false</escapedJava>
  <property name="startLine">20</property>
  <property name="stepIndex">1</property>
</record>
<record>
  <date>2023-11-22T09:36:38.329271500Z</date>
  <millis>1700645798329</millis>
  <nanos>271500</nanos>
  <sequence>33</sequence>
  <level>INFO</level>
  <class>com.kms.katalon.core.logging.XmlKeywordLogger</class>
  <method>logMessage</method>
  <thread>1</thread>
  <message>Starting &amp;apos;Chrome&amp;apos; driver</message>
  <nestedLevel>5</nestedLevel>
  <escapedJava>false</escapedJava>
</record>
<record>
  <date>2023-11-22T09:36:38.353209200Z</date>
  <millis>1700645798353</millis>
  <nanos>209200</nanos>
  <sequence>35</sequence>
  <level>INFO</level>
  <class>com.kms.katalon.core.logging.XmlKeywordLogger</class>
  <method>logMessage</method>
  <thread>1</thread>
  <message>Action delay is set to 0 milliseconds</message>
  <nestedLevel>5</nestedLevel>
  <escapedJava>false</escapedJava>
</record>
<record>
  <date>2023-11-22T09:36:39.751027700Z</date>
  <millis>1700645799751</millis>
  <nanos>27700</nanos>
  <sequence>37</sequence>
  <level>RUN_DATA</level>
  <class>com.kms.katalon.core.logging.XmlKeywordLogger</class>
  <method>logMessage</method>
  <thread>1</thread>
  <message>sessionId = 18cbccabf3549bf389d3c0fba11a4d32</message>
  <nestedLevel>5</nestedLevel>
  <escapedJava>false</escapedJava>
  <property name="sessionId">18cbccabf3549bf389d3c0fba11a4d32</property>
</record>
<record>
  <date>2023-11-22T09:36:39.762994800Z</date>
  <millis>1700645799762</millis>
  <nanos>994800</nanos>
  <sequence>38</sequence>
  <level>RUN_DATA</level>
  <class>com.kms.katalon.core.logging.XmlKeywordLogger</class>
  <method>logMessage</method>
  <thread>1</thread>
  <message>browser = Chrome 119.0.0.0</message>
  <nestedLevel>5</nestedLevel>
  <escapedJava>false</escapedJava>
  <property name="browser">Chrome 119.0.0.0</property>
</record>
<record>
  <date>2023-11-22T09:36:39.762994800Z</date>
  <millis>1700645799762</millis>
  <nanos>994800</nanos>
  <sequence>39</sequence>
  <level>RUN_DATA</level>
  <class>com.kms.katalon.core.logging.XmlKeywordLogger</class>
  <method>logMessage</method>
  <thread>1</thread>
  <message>platform = Windows 10</message>
  <nestedLevel>5</nestedLevel>
  <escapedJava>false</escapedJava>
  <property name="platform">Windows 10</property>
</record>
<record>
  <date>2023-11-22T09:36:39.762994800Z</date>
  <millis>1700645799762</millis>
  <nanos>994800</nanos>
  <sequence>40</sequence>
  <level>RUN_DATA</level>
  <class>com.kms.katalon.core.logging.XmlKeywordLogger</class>
  <method>logMessage</method>
  <thread>1</thread>
  <message>seleniumVersion = 3.141.59</message>
  <nestedLevel>5</nestedLevel>
  <escapedJava>false</escapedJava>
  <property name="seleniumVersion">3.141.59</property>
</record>
<record>
  <date>2023-11-22T09:36:39.763992400Z</date>
  <millis>1700645799763</millis>
  <nanos>992400</nanos>
  <sequence>41</sequence>
  <level>RUN_DATA</level>
  <class>com.kms.katalon.core.logging.XmlKeywordLogger</class>
  <method>logMessage</method>
  <thread>1</thread>
  <message>proxyInformation = ProxyInformation { proxyOption=NO_PROXY, proxyServerType=HTTP, username=, password=********, proxyServerAddress=, proxyServerPort=0, executionList=&amp;quot;&amp;quot;, isApplyToDesiredCapabilities=true }</message>
  <nestedLevel>5</nestedLevel>
  <escapedJava>false</escapedJava>
  <property name="proxyInformation">ProxyInformation { proxyOption=NO_PROXY, proxyServerType=HTTP, username=, password=********, proxyServerAddress=, proxyServerPort=0, executionList=&quot;&quot;, isApplyToDesiredCapabilities=true }</property>
</record>
<record>
  <date>2023-11-22T09:36:39.773965200Z</date>
  <millis>1700645799773</millis>
  <nanos>965200</nanos>
  <sequence>42</sequence>
  <level>PASSED</level>
  <class>com.kms.katalon.core.logging.XmlKeywordLogger</class>
  <method>logMessage</method>
  <thread>1</thread>
  <message>Browser is opened with url: &amp;apos;&amp;apos;</message>
  <nestedLevel>5</nestedLevel>
  <escapedJava>false</escapedJava>
  <property name="testops-method-name">com.kms.katalon.core.webui.keyword.builtin.OpenBrowserKeyword.openBrowser</property>
  <property name="testops-execution-stacktrace"></property>
</record>
<record>
  <date>2023-11-22T09:36:39.774963100Z</date>
  <millis>1700645799774</millis>
  <nanos>963100</nanos>
  <sequence>43</sequence>
  <level>END</level>
  <class>com.kms.katalon.core.logging.XmlKeywordLogger</class>
  <method>endKeyword</method>
  <thread>1</thread>
  <message>End action : openBrowser(&amp;quot;&amp;quot;)</message>
  <nestedLevel>1</nestedLevel>
  <escapedJava>false</escapedJava>
</record>
<record>
  <date>2023-11-22T09:36:39.775960200Z</date>
  <millis>1700645799775</millis>
  <nanos>960200</nanos>
  <sequence>44</sequence>
  <level>START</level>
  <class>com.kms.katalon.core.logging.XmlKeywordLogger</class>
  <method>startKeyword</method>
  <thread>1</thread>
  <message>Start action : navigateToUrl(sit_url)</message>
  <nestedLevel>1</nestedLevel>
  <escapedJava>false</escapedJava>
  <property name="startLine">22</property>
  <property name="stepIndex">2</property>
</record>
<record>
  <date>2023-11-22T09:36:42.186184200Z</date>
  <millis>1700645802186</millis>
  <nanos>184200</nanos>
  <sequence>47</sequence>
  <level>PASSED</level>
  <class>com.kms.katalon.core.logging.XmlKeywordLogger</class>
  <method>logMessage</method>
  <thread>1</thread>
  <message>Navigate to &amp;apos;https://digilending-sit.msb.com.vn/v2/&amp;apos; successfully</message>
  <nestedLevel>5</nestedLevel>
  <escapedJava>false</escapedJava>
  <property name="testops-method-name">com.kms.katalon.core.webui.keyword.builtin.NavigateToUrlKeyword.navigateToUrl</property>
  <property name="testops-execution-stacktrace"></property>
</record>
<record>
  <date>2023-11-22T09:36:42.188178200Z</date>
  <millis>1700645802188</millis>
  <nanos>178200</nanos>
  <sequence>48</sequence>
  <level>END</level>
  <class>com.kms.katalon.core.logging.XmlKeywordLogger</class>
  <method>endKeyword</method>
  <thread>1</thread>
  <message>End action : navigateToUrl(sit_url)</message>
  <nestedLevel>1</nestedLevel>
  <escapedJava>false</escapedJava>
</record>
<record>
  <date>2023-11-22T09:36:42.188178200Z</date>
  <millis>1700645802188</millis>
  <nanos>178200</nanos>
  <sequence>49</sequence>
  <level>START</level>
  <class>com.kms.katalon.core.logging.XmlKeywordLogger</class>
  <method>startKeyword</method>
  <thread>1</thread>
  <message>Start action : maximizeWindow()</message>
  <nestedLevel>1</nestedLevel>
  <escapedJava>false</escapedJava>
  <property name="startLine">24</property>
  <property name="stepIndex">3</property>
</record>
<record>
  <date>2023-11-22T09:36:42.310351900Z</date>
  <millis>1700645802310</millis>
  <nanos>351900</nanos>
  <sequence>51</sequence>
  <level>PASSED</level>
  <class>com.kms.katalon.core.logging.XmlKeywordLogger</class>
  <method>logMessage</method>
  <thread>1</thread>
  <message>Current window maximized</message>
  <nestedLevel>5</nestedLevel>
  <escapedJava>false</escapedJava>
  <property name="testops-method-name">com.kms.katalon.core.webui.keyword.builtin.MaximizeWindowKeyword.maximizeWindow</property>
  <property name="testops-execution-stacktrace"></property>
</record>
<record>
  <date>2023-11-22T09:36:42.311349200Z</date>
  <millis>1700645802311</millis>
  <nanos>349200</nanos>
  <sequence>52</sequence>
  <level>END</level>
  <class>com.kms.katalon.core.logging.XmlKeywordLogger</class>
  <method>endKeyword</method>
  <thread>1</thread>
  <message>End action : maximizeWindow()</message>
  <nestedLevel>1</nestedLevel>
  <escapedJava>false</escapedJava>
</record>
<record>
  <date>2023-11-22T09:36:42.311349200Z</date>
  <millis>1700645802311</millis>
  <nanos>349200</nanos>
  <sequence>53</sequence>
  <level>START</level>
  <class>com.kms.katalon.core.logging.XmlKeywordLogger</class>
  <method>startKeyword</method>
  <thread>1</thread>
  <message>Start action : setText(findTestObject(&amp;quot;Screen_Đăng nhập/input_Tài khoản&amp;quot;), username_rm)</message>
  <nestedLevel>1</nestedLevel>
  <escapedJava>false</escapedJava>
  <property name="startLine">27</property>
  <property name="stepIndex">4</property>
</record>
<record>
  <date>2023-11-22T09:36:42.881811700Z</date>
  <millis>1700645802881</millis>
  <nanos>811700</nanos>
  <sequence>69</sequence>
  <level>PASSED</level>
  <class>com.kms.katalon.core.logging.XmlKeywordLogger</class>
  <method>logMessage</method>
  <thread>1</thread>
  <message>Text &amp;apos;maidt11_rm&amp;apos; is set on object &amp;apos;Object Repository/Screen_Đăng nhập/input_Tài khoản&amp;apos;</message>
  <nestedLevel>5</nestedLevel>
  <escapedJava>false</escapedJava>
  <property name="testops-method-name">com.kms.katalon.core.webui.keyword.builtin.SetTextKeyword.setText</property>
  <property name="testops-execution-stacktrace"></property>
</record>
<record>
  <date>2023-11-22T09:36:42.882808300Z</date>
  <millis>1700645802882</millis>
  <nanos>808300</nanos>
  <sequence>70</sequence>
  <level>END</level>
  <class>com.kms.katalon.core.logging.XmlKeywordLogger</class>
  <method>endKeyword</method>
  <thread>1</thread>
  <message>End action : setText(findTestObject(&amp;quot;Screen_Đăng nhập/input_Tài khoản&amp;quot;), username_rm)</message>
  <nestedLevel>1</nestedLevel>
  <escapedJava>false</escapedJava>
</record>
<record>
  <date>2023-11-22T09:36:42.882808300Z</date>
  <millis>1700645802882</millis>
  <nanos>808300</nanos>
  <sequence>71</sequence>
  <level>START</level>
  <class>com.kms.katalon.core.logging.XmlKeywordLogger</class>
  <method>startKeyword</method>
  <thread>1</thread>
  <message>Start action : setEncryptedText(findTestObject(&amp;quot;Screen_Đăng nhập/input_Mật khẩu&amp;quot;), password_rm)</message>
  <nestedLevel>1</nestedLevel>
  <escapedJava>false</escapedJava>
  <property name="startLine">29</property>
  <property name="stepIndex">5</property>
</record>
<record>
  <date>2023-11-22T09:36:43.183896300Z</date>
  <millis>1700645803183</millis>
  <nanos>896300</nanos>
  <sequence>82</sequence>
  <level>PASSED</level>
  <class>com.kms.katalon.core.logging.XmlKeywordLogger</class>
  <method>logMessage</method>
  <thread>1</thread>
  <message>Text ****** has been set on object &amp;apos;Object Repository/Screen_Đăng nhập/input_Mật khẩu&amp;apos;</message>
  <nestedLevel>5</nestedLevel>
  <escapedJava>false</escapedJava>
  <property name="testops-method-name">com.kms.katalon.core.webui.keyword.builtin.SetEncryptedTextKeyword.setEncryptedText</property>
  <property name="testops-execution-stacktrace"></property>
</record>
<record>
  <date>2023-11-22T09:36:43.184893100Z</date>
  <millis>1700645803184</millis>
  <nanos>893100</nanos>
  <sequence>83</sequence>
  <level>END</level>
  <class>com.kms.katalon.core.logging.XmlKeywordLogger</class>
  <method>endKeyword</method>
  <thread>1</thread>
  <message>End action : setEncryptedText(findTestObject(&amp;quot;Screen_Đăng nhập/input_Mật khẩu&amp;quot;), password_rm)</message>
  <nestedLevel>1</nestedLevel>
  <escapedJava>false</escapedJava>
</record>
<record>
  <date>2023-11-22T09:36:43.184893100Z</date>
  <millis>1700645803184</millis>
  <nanos>893100</nanos>
  <sequence>84</sequence>
  <level>START</level>
  <class>com.kms.katalon.core.logging.XmlKeywordLogger</class>
  <method>startKeyword</method>
  <thread>1</thread>
  <message>Start action : click(findTestObject(&amp;quot;Screen_Đăng nhập/button_Đăng nhập&amp;quot;))</message>
  <nestedLevel>1</nestedLevel>
  <escapedJava>false</escapedJava>
  <property name="startLine">31</property>
  <property name="stepIndex">6</property>
</record>
<record>
  <date>2023-11-22T09:36:43.711472500Z</date>
  <millis>1700645803711</millis>
  <nanos>472500</nanos>
  <sequence>94</sequence>
  <level>PASSED</level>
  <class>com.kms.katalon.core.logging.XmlKeywordLogger</class>
  <method>logMessage</method>
  <thread>1</thread>
  <message>Object: &amp;apos;Object Repository/Screen_Đăng nhập/button_Đăng nhập&amp;apos; is clicked on</message>
  <nestedLevel>5</nestedLevel>
  <escapedJava>false</escapedJava>
  <property name="testops-method-name">com.kms.katalon.core.webui.keyword.builtin.ClickKeyword.click</property>
  <property name="testops-execution-stacktrace"></property>
</record>
<record>
  <date>2023-11-22T09:36:43.711472500Z</date>
  <millis>1700645803711</millis>
  <nanos>472500</nanos>
  <sequence>95</sequence>
  <level>END</level>
  <class>com.kms.katalon.core.logging.XmlKeywordLogger</class>
  <method>endKeyword</method>
  <thread>1</thread>
  <message>End action : click(findTestObject(&amp;quot;Screen_Đăng nhập/button_Đăng nhập&amp;quot;))</message>
  <nestedLevel>1</nestedLevel>
  <escapedJava>false</escapedJava>
</record>
<record>
  <date>2023-11-22T09:36:43.712470800Z</date>
  <millis>1700645803712</millis>
  <nanos>470800</nanos>
  <sequence>96</sequence>
  <level>PASSED</level>
  <class>com.kms.katalon.core.logging.XmlKeywordLogger</class>
  <method>logMessage</method>
  <thread>1</thread>
  <message>Test Cases/TCs_Luồng cấp mới/TCs_Đăng nhập/Login_Role RM</message>
  <nestedLevel>5</nestedLevel>
  <escapedJava>false</escapedJava>
</record>
<record>
  <date>2023-11-22T09:36:43.712470800Z</date>
  <millis>1700645803712</millis>
  <nanos>470800</nanos>
  <sequence>97</sequence>
  <level>END</level>
  <class>com.kms.katalon.core.logging.XmlKeywordLogger</class>
  <method>endTest</method>
  <thread>1</thread>
  <message>End Test Case : Test Cases/TCs_Luồng cấp mới/TCs_Đăng nhập/Login_Role RM</message>
  <nestedLevel>4</nestedLevel>
  <escapedJava>false</escapedJava>
</record>
<record>
  <date>2023-11-22T09:36:43.717456400Z</date>
  <millis>1700645803717</millis>
  <nanos>456400</nanos>
  <sequence>98</sequence>
  <level>PASSED</level>
  <class>com.kms.katalon.core.logging.XmlKeywordLogger</class>
  <method>logMessage</method>
  <thread>1</thread>
  <message>Call Test Case &amp;apos;Test Cases/TCs_Luồng cấp mới/TCs_Đăng nhập/Login_Role RM&amp;apos; successfully</message>
  <nestedLevel>4</nestedLevel>
  <escapedJava>false</escapedJava>
  <property name="testops-method-name">com.kms.katalon.core.keyword.builtin.CallTestCaseKeyword.callTestCase</property>
  <property name="testops-execution-stacktrace"></property>
</record>
<record>
  <date>2023-11-22T09:36:43.719452100Z</date>
  <millis>1700645803719</millis>
  <nanos>452100</nanos>
  <sequence>99</sequence>
  <level>END</level>
  <class>com.kms.katalon.core.logging.XmlKeywordLogger</class>
  <method>endKeyword</method>
  <thread>1</thread>
  <message>End action : callTestCase(findTestCase(&amp;quot;TCs_Luồng cấp mới/TCs_Đăng nhập/Login_Role RM&amp;quot;), [&amp;quot;username_rm&amp;quot;:&amp;quot;maidt11_rm&amp;quot;, &amp;quot;password_rm&amp;quot;:&amp;quot;HeCM15nHKBI=&amp;quot;], STOP_ON_FAILURE)</message>
  <nestedLevel>1</nestedLevel>
  <escapedJava>false</escapedJava>
</record>
<record>
  <date>2023-11-22T09:36:43.719452100Z</date>
  <millis>1700645803719</millis>
  <nanos>452100</nanos>
  <sequence>100</sequence>
  <level>START</level>
  <class>com.kms.katalon.core.logging.XmlKeywordLogger</class>
  <method>startKeyword</method>
  <thread>1</thread>
  <message>Start action : click(findTestObject(&amp;quot;Sidebar_Khay/sidebar_Yêu cầu đang xử lý&amp;quot;))</message>
  <nestedLevel>1</nestedLevel>
  <escapedJava>false</escapedJava>
  <property name="startLine">23</property>
  <property name="stepIndex">2</property>
</record>
<record>
  <date>2023-11-22T09:36:45.665928800Z</date>
  <millis>1700645805665</millis>
  <nanos>928800</nanos>
  <sequence>110</sequence>
  <level>PASSED</level>
  <class>com.kms.katalon.core.logging.XmlKeywordLogger</class>
  <method>logMessage</method>
  <thread>1</thread>
  <message>Object: &amp;apos;Object Repository/Sidebar_Khay/sidebar_Yêu cầu đang xử lý&amp;apos; is clicked on</message>
  <nestedLevel>4</nestedLevel>
  <escapedJava>false</escapedJava>
  <property name="testops-method-name">com.kms.katalon.core.webui.keyword.builtin.ClickKeyword.click</property>
  <property name="testops-execution-stacktrace"></property>
</record>
<record>
  <date>2023-11-22T09:36:45.666927700Z</date>
  <millis>1700645805666</millis>
  <nanos>927700</nanos>
  <sequence>111</sequence>
  <level>END</level>
  <class>com.kms.katalon.core.logging.XmlKeywordLogger</class>
  <method>endKeyword</method>
  <thread>1</thread>
  <message>End action : click(findTestObject(&amp;quot;Sidebar_Khay/sidebar_Yêu cầu đang xử lý&amp;quot;))</message>
  <nestedLevel>1</nestedLevel>
  <escapedJava>false</escapedJava>
</record>
<record>
  <date>2023-11-22T09:36:45.667923Z</date>
  <millis>1700645805667</millis>
  <nanos>923000</nanos>
  <sequence>112</sequence>
  <level>START</level>
  <class>com.kms.katalon.core.logging.XmlKeywordLogger</class>
  <method>startKeyword</method>
  <thread>1</thread>
  <message>Start action : waitForElementNotPresent(findTestObject(&amp;quot;Sidebar_Khay/toast_Thông báo cài extension&amp;quot;), 120)</message>
  <nestedLevel>1</nestedLevel>
  <escapedJava>false</escapedJava>
  <property name="startLine">25</property>
  <property name="stepIndex">3</property>
</record>
<record>
  <date>2023-11-22T09:36:50.861577400Z</date>
  <millis>1700645810861</millis>
  <nanos>577400</nanos>
  <sequence>124</sequence>
  <level>PASSED</level>
  <class>com.kms.katalon.core.logging.XmlKeywordLogger</class>
  <method>logMessage</method>
  <thread>1</thread>
  <message>Web element with id: &amp;apos;Object Repository/Sidebar_Khay/toast_Thông báo cài extension&amp;apos; located by &amp;apos;By.xpath: //div[@role=&amp;apos;alert&amp;apos;]&amp;apos; is not present after &amp;apos;120&amp;apos; second(s)</message>
  <nestedLevel>4</nestedLevel>
  <escapedJava>false</escapedJava>
  <property name="testops-method-name">com.kms.katalon.core.webui.keyword.internal.WebUIKeywordMain$runKeyword.call</property>
  <property name="testops-execution-stacktrace">com.kms.katalon.core.logging.KeywordLogger.logPassed(KeywordLogger.java:340)
com.kms.katalon.core.logging.KeywordLogger.logPassed(KeywordLogger.java:334)
com.kms.katalon.core.logging.KeywordLogger$logPassed$1.call(Unknown Source)
com.kms.katalon.core.webui.keyword.builtin.WaitForElementNotPresentKeyword$_waitForElementNotPresent_closure1.doCall(WaitForElementNotPresentKeyword.groovy:110)
com.kms.katalon.core.webui.keyword.builtin.WaitForElementNotPresentKeyword$_waitForElementNotPresent_closure1.doCall(WaitForElementNotPresentKeyword.groovy)
java.base/jdk.internal.reflect.NativeMethodAccessorImpl.invoke0(Native Method)
java.base/jdk.internal.reflect.NativeMethodAccessorImpl.invoke(NativeMethodAccessorImpl.java:77)
java.base/jdk.internal.reflect.DelegatingMethodAccessorImpl.invoke(DelegatingMethodAccessorImpl.java:43)
com.kms.katalon.core.webui.keyword.internal.WebUIKeywordMain.runKeyword(WebUIKeywordMain.groovy:20)
com.kms.katalon.core.webui.keyword.internal.WebUIKeywordMain$runKeyword.call(Unknown Source)
com.kms.katalon.core.webui.keyword.builtin.WaitForElementNotPresentKeyword.waitForElementNotPresent(WaitForElementNotPresentKeyword.groovy:121)
com.kms.katalon.core.webui.keyword.builtin.WaitForElementNotPresentKeyword.execute(WaitForElementNotPresentKeyword.groovy:68)
com.kms.katalon.core.keyword.internal.KeywordExecutor.executeKeywordForPlatform(KeywordExecutor.groovy:74)
com.kms.katalon.core.webui.keyword.WebUiBuiltInKeywords.waitForElementNotPresent(WebUiBuiltInKeywords.groovy:313)
TCs_Truy cập khay_Yêu cầu cần xử lý.run(TCs_Truy cập khay_Yêu cầu cần xử lý:25)
</property>
</record>
<record>
  <date>2023-11-22T09:36:50.861577400Z</date>
  <millis>1700645810861</millis>
  <nanos>577400</nanos>
  <sequence>125</sequence>
  <level>END</level>
  <class>com.kms.katalon.core.logging.XmlKeywordLogger</class>
  <method>endKeyword</method>
  <thread>1</thread>
  <message>End action : waitForElementNotPresent(findTestObject(&amp;quot;Sidebar_Khay/toast_Thông báo cài extension&amp;quot;), 120)</message>
  <nestedLevel>1</nestedLevel>
  <escapedJava>false</escapedJava>
</record>
<record>
  <date>2023-11-22T09:36:50.861577400Z</date>
  <millis>1700645810861</millis>
  <nanos>577400</nanos>
  <sequence>126</sequence>
  <level>PASSED</level>
  <class>com.kms.katalon.core.logging.XmlKeywordLogger</class>
  <method>logMessage</method>
  <thread>1</thread>
  <message>Test Cases/TCs_Luồng cấp mới/TCs_Truy cập khay/TCs_Truy cập khay_Yêu cầu cần xử lý</message>
  <nestedLevel>4</nestedLevel>
  <escapedJava>false</escapedJava>
</record>
<record>
  <date>2023-11-22T09:36:50.862574600Z</date>
  <millis>1700645810862</millis>
  <nanos>574600</nanos>
  <sequence>127</sequence>
  <level>END</level>
  <class>com.kms.katalon.core.logging.XmlKeywordLogger</class>
  <method>endTest</method>
  <thread>1</thread>
  <message>End Test Case : Test Cases/TCs_Luồng cấp mới/TCs_Truy cập khay/TCs_Truy cập khay_Yêu cầu cần xử lý</message>
  <nestedLevel>3</nestedLevel>
  <escapedJava>false</escapedJava>
</record>
<record>
  <date>2023-11-22T09:36:50.862574600Z</date>
  <millis>1700645810862</millis>
  <nanos>574600</nanos>
  <sequence>128</sequence>
  <level>PASSED</level>
  <class>com.kms.katalon.core.logging.XmlKeywordLogger</class>
  <method>logMessage</method>
  <thread>1</thread>
  <message>Call Test Case &amp;apos;Test Cases/TCs_Luồng cấp mới/TCs_Truy cập khay/TCs_Truy cập khay_Yêu cầu cần xử lý&amp;apos; successfully</message>
  <nestedLevel>3</nestedLevel>
  <escapedJava>false</escapedJava>
  <property name="testops-method-name">com.kms.katalon.core.keyword.builtin.CallTestCaseKeyword.callTestCase</property>
  <property name="testops-execution-stacktrace"></property>
</record>
<record>
  <date>2023-11-22T09:36:50.863571600Z</date>
  <millis>1700645810863</millis>
  <nanos>571600</nanos>
  <sequence>129</sequence>
  <level>END</level>
  <class>com.kms.katalon.core.logging.XmlKeywordLogger</class>
  <method>endKeyword</method>
  <thread>1</thread>
  <message>End action : callTestCase(findTestCase(&amp;quot;TCs_Luồng cấp mới/TCs_Truy cập khay/TCs_Truy cập khay_Yêu cầu cần xử lý&amp;quot;), [:], STOP_ON_FAILURE)</message>
  <nestedLevel>1</nestedLevel>
  <escapedJava>false</escapedJava>
</record>
<record>
  <date>2023-11-22T09:36:50.863571600Z</date>
  <millis>1700645810863</millis>
  <nanos>571600</nanos>
  <sequence>130</sequence>
  <level>START</level>
  <class>com.kms.katalon.core.logging.XmlKeywordLogger</class>
  <method>startKeyword</method>
  <thread>1</thread>
  <message>Start action : click(findTestObject(&amp;quot;Sidebar_Khay/button_Tạo yêu cầu&amp;quot;))</message>
  <nestedLevel>1</nestedLevel>
  <escapedJava>false</escapedJava>
  <property name="startLine">22</property>
  <property name="stepIndex">2</property>
</record>
<record>
  <date>2023-11-22T09:36:51.145591600Z</date>
  <millis>1700645811145</millis>
  <nanos>591600</nanos>
  <sequence>140</sequence>
  <level>PASSED</level>
  <class>com.kms.katalon.core.logging.XmlKeywordLogger</class>
  <method>logMessage</method>
  <thread>1</thread>
  <message>Object: &amp;apos;Object Repository/Sidebar_Khay/button_Tạo yêu cầu&amp;apos; is clicked on</message>
  <nestedLevel>3</nestedLevel>
  <escapedJava>false</escapedJava>
  <property name="testops-method-name">com.kms.katalon.core.webui.keyword.builtin.ClickKeyword.click</property>
  <property name="testops-execution-stacktrace"></property>
</record>
<record>
  <date>2023-11-22T09:36:51.146584100Z</date>
  <millis>1700645811146</millis>
  <nanos>584100</nanos>
  <sequence>141</sequence>
  <level>END</level>
  <class>com.kms.katalon.core.logging.XmlKeywordLogger</class>
  <method>endKeyword</method>
  <thread>1</thread>
  <message>End action : click(findTestObject(&amp;quot;Sidebar_Khay/button_Tạo yêu cầu&amp;quot;))</message>
  <nestedLevel>1</nestedLevel>
  <escapedJava>false</escapedJava>
</record>
<record>
  <date>2023-11-22T09:36:51.146584100Z</date>
  <millis>1700645811146</millis>
  <nanos>584100</nanos>
  <sequence>142</sequence>
  <level>START</level>
  <class>com.kms.katalon.core.logging.XmlKeywordLogger</class>
  <method>startKeyword</method>
  <thread>1</thread>
  <message>Start action : setText(findTestObject(&amp;quot;Sidebar_Khay/textbox_Mã định danh&amp;quot;), ma_dinh_danh_1111)</message>
  <nestedLevel>1</nestedLevel>
  <escapedJava>false</escapedJava>
  <property name="startLine">24</property>
  <property name="stepIndex">3</property>
</record>
<record>
  <date>2023-11-22T09:36:51.996124800Z</date>
  <millis>1700645811996</millis>
  <nanos>124800</nanos>
  <sequence>158</sequence>
  <level>PASSED</level>
  <class>com.kms.katalon.core.logging.XmlKeywordLogger</class>
  <method>logMessage</method>
  <thread>1</thread>
  <message>Text &amp;apos;1111&amp;apos; is set on object &amp;apos;Object Repository/Sidebar_Khay/textbox_Mã định danh&amp;apos;</message>
  <nestedLevel>3</nestedLevel>
  <escapedJava>false</escapedJava>
  <property name="testops-method-name">com.kms.katalon.core.webui.keyword.builtin.SetTextKeyword.setText</property>
  <property name="testops-execution-stacktrace"></property>
</record>
<record>
  <date>2023-11-22T09:36:51.997122600Z</date>
  <millis>1700645811997</millis>
  <nanos>122600</nanos>
  <sequence>159</sequence>
  <level>END</level>
  <class>com.kms.katalon.core.logging.XmlKeywordLogger</class>
  <method>endKeyword</method>
  <thread>1</thread>
  <message>End action : setText(findTestObject(&amp;quot;Sidebar_Khay/textbox_Mã định danh&amp;quot;), ma_dinh_danh_1111)</message>
  <nestedLevel>1</nestedLevel>
  <escapedJava>false</escapedJava>
</record>
<record>
  <date>2023-11-22T09:36:51.998119400Z</date>
  <millis>1700645811998</millis>
  <nanos>119400</nanos>
  <sequence>160</sequence>
  <level>START</level>
  <class>com.kms.katalon.core.logging.XmlKeywordLogger</class>
  <method>startKeyword</method>
  <thread>1</thread>
  <message>Start action : click(findTestObject(&amp;quot;Sidebar_Khay/button_Tìm kiếm&amp;quot;))</message>
  <nestedLevel>1</nestedLevel>
  <escapedJava>false</escapedJava>
  <property name="startLine">26</property>
  <property name="stepIndex">4</property>
</record>
<record>
  <date>2023-11-22T09:36:52.893275800Z</date>
  <millis>1700645812893</millis>
  <nanos>275800</nanos>
  <sequence>170</sequence>
  <level>PASSED</level>
  <class>com.kms.katalon.core.logging.XmlKeywordLogger</class>
  <method>logMessage</method>
  <thread>1</thread>
  <message>Object: &amp;apos;Object Repository/Sidebar_Khay/button_Tìm kiếm&amp;apos; is clicked on</message>
  <nestedLevel>3</nestedLevel>
  <escapedJava>false</escapedJava>
  <property name="testops-method-name">com.kms.katalon.core.webui.keyword.builtin.ClickKeyword.click</property>
  <property name="testops-execution-stacktrace"></property>
</record>
<record>
  <date>2023-11-22T09:36:52.894273600Z</date>
  <millis>1700645812894</millis>
  <nanos>273600</nanos>
  <sequence>171</sequence>
  <level>END</level>
  <class>com.kms.katalon.core.logging.XmlKeywordLogger</class>
  <method>endKeyword</method>
  <thread>1</thread>
  <message>End action : click(findTestObject(&amp;quot;Sidebar_Khay/button_Tìm kiếm&amp;quot;))</message>
  <nestedLevel>1</nestedLevel>
  <escapedJava>false</escapedJava>
</record>
<record>
  <date>2023-11-22T09:36:52.894273600Z</date>
  <millis>1700645812894</millis>
  <nanos>273600</nanos>
  <sequence>172</sequence>
  <level>PASSED</level>
  <class>com.kms.katalon.core.logging.XmlKeywordLogger</class>
  <method>logMessage</method>
  <thread>1</thread>
  <message>Test Cases/TCs_Luồng cấp mới/TCs_Tìm kiếm và khởi tạo/TCs_Tìm kiếm</message>
  <nestedLevel>3</nestedLevel>
  <escapedJava>false</escapedJava>
</record>
<record>
  <date>2023-11-22T09:36:52.894273600Z</date>
  <millis>1700645812894</millis>
  <nanos>273600</nanos>
  <sequence>173</sequence>
  <level>END</level>
  <class>com.kms.katalon.core.logging.XmlKeywordLogger</class>
  <method>endTest</method>
  <thread>1</thread>
  <message>End Test Case : Test Cases/TCs_Luồng cấp mới/TCs_Tìm kiếm và khởi tạo/TCs_Tìm kiếm</message>
  <nestedLevel>2</nestedLevel>
  <escapedJava>false</escapedJava>
</record>
<record>
  <date>2023-11-22T09:36:52.895270Z</date>
  <millis>1700645812895</millis>
  <nanos>270000</nanos>
  <sequence>174</sequence>
  <level>PASSED</level>
  <class>com.kms.katalon.core.logging.XmlKeywordLogger</class>
  <method>logMessage</method>
  <thread>1</thread>
  <message>Call Test Case &amp;apos;Test Cases/TCs_Luồng cấp mới/TCs_Tìm kiếm và khởi tạo/TCs_Tìm kiếm&amp;apos; successfully</message>
  <nestedLevel>2</nestedLevel>
  <escapedJava>false</escapedJava>
  <property name="testops-method-name">com.kms.katalon.core.keyword.builtin.CallTestCaseKeyword.callTestCase</property>
  <property name="testops-execution-stacktrace"></property>
</record>
<record>
  <date>2023-11-22T09:36:52.896269Z</date>
  <millis>1700645812896</millis>
  <nanos>269000</nanos>
  <sequence>175</sequence>
  <level>END</level>
  <class>com.kms.katalon.core.logging.XmlKeywordLogger</class>
  <method>endKeyword</method>
  <thread>1</thread>
  <message>End action : callTestCase(findTestCase(&amp;quot;TCs_Luồng cấp mới/TCs_Tìm kiếm và khởi tạo/TCs_Tìm kiếm&amp;quot;), [&amp;quot;ma_dinh_danh_1111&amp;quot;:&amp;quot;1111&amp;quot;], STOP_ON_FAILURE)</message>
  <nestedLevel>1</nestedLevel>
  <escapedJava>false</escapedJava>
</record>
<record>
  <date>2023-11-22T09:36:52.896269Z</date>
  <millis>1700645812896</millis>
  <nanos>269000</nanos>
  <sequence>176</sequence>
  <level>START</level>
  <class>com.kms.katalon.core.logging.XmlKeywordLogger</class>
  <method>startKeyword</method>
  <thread>1</thread>
  <message>Start action : click(findTestObject(&amp;quot;Sidebar_Khay/button_Tạo hồ sơ&amp;quot;))</message>
  <nestedLevel>1</nestedLevel>
  <escapedJava>false</escapedJava>
  <property name="startLine">23</property>
  <property name="stepIndex">2</property>
</record>
<record>
  <date>2023-11-22T09:36:54.624762900Z</date>
  <millis>1700645814624</millis>
  <nanos>762900</nanos>
  <sequence>186</sequence>
  <level>PASSED</level>
  <class>com.kms.katalon.core.logging.XmlKeywordLogger</class>
  <method>logMessage</method>
  <thread>1</thread>
  <message>Object: &amp;apos;Object Repository/Sidebar_Khay/button_Tạo hồ sơ&amp;apos; is clicked on</message>
  <nestedLevel>2</nestedLevel>
  <escapedJava>false</escapedJava>
  <property name="testops-method-name">com.kms.katalon.core.webui.keyword.builtin.ClickKeyword.click</property>
  <property name="testops-execution-stacktrace"></property>
</record>
<record>
  <date>2023-11-22T09:36:54.626757400Z</date>
  <millis>1700645814626</millis>
  <nanos>757400</nanos>
  <sequence>187</sequence>
  <level>END</level>
  <class>com.kms.katalon.core.logging.XmlKeywordLogger</class>
  <method>endKeyword</method>
  <thread>1</thread>
  <message>End action : click(findTestObject(&amp;quot;Sidebar_Khay/button_Tạo hồ sơ&amp;quot;))</message>
  <nestedLevel>1</nestedLevel>
  <escapedJava>false</escapedJava>
</record>
<record>
  <date>2023-11-22T09:36:54.626757400Z</date>
  <millis>1700645814626</millis>
  <nanos>757400</nanos>
  <sequence>188</sequence>
  <level>START</level>
  <class>com.kms.katalon.core.logging.XmlKeywordLogger</class>
  <method>startKeyword</method>
  <thread>1</thread>
  <message>Start action : waitForElementNotPresent(findTestObject(&amp;quot;Sidebar_Khay/pageLoading_Đang xử lý&amp;quot;), 120)</message>
  <nestedLevel>1</nestedLevel>
  <escapedJava>false</escapedJava>
  <property name="startLine">25</property>
  <property name="stepIndex">3</property>
</record>
<record>
  <date>2023-11-22T09:37:03.312421700Z</date>
  <millis>1700645823312</millis>
  <nanos>421700</nanos>
  <sequence>195</sequence>
  <level>PASSED</level>
  <class>com.kms.katalon.core.logging.XmlKeywordLogger</class>
  <method>logMessage</method>
  <thread>1</thread>
  <message>Web element with id: &amp;apos;Object Repository/Sidebar_Khay/pageLoading_Đang xử lý&amp;apos; located by &amp;apos;By.xpath: //div[contains(@class,&amp;apos;overlay&amp;apos;) and contains(@class,&amp;apos;ng-trigger&amp;apos;)]&amp;apos; is not present after &amp;apos;120&amp;apos; second(s)</message>
  <nestedLevel>2</nestedLevel>
  <escapedJava>false</escapedJava>
  <property name="testops-method-name">com.kms.katalon.core.webui.keyword.internal.WebUIKeywordMain$runKeyword.call</property>
  <property name="testops-execution-stacktrace">com.kms.katalon.core.logging.KeywordLogger.logPassed(KeywordLogger.java:340)
com.kms.katalon.core.logging.KeywordLogger.logPassed(KeywordLogger.java:334)
com.kms.katalon.core.logging.KeywordLogger$logPassed$1.call(Unknown Source)
com.kms.katalon.core.webui.keyword.builtin.WaitForElementNotPresentKeyword$_waitForElementNotPresent_closure1.doCall(WaitForElementNotPresentKeyword.groovy:110)
com.kms.katalon.core.webui.keyword.builtin.WaitForElementNotPresentKeyword$_waitForElementNotPresent_closure1.doCall(WaitForElementNotPresentKeyword.groovy)
java.base/jdk.internal.reflect.NativeMethodAccessorImpl.invoke0(Native Method)
java.base/jdk.internal.reflect.NativeMethodAccessorImpl.invoke(NativeMethodAccessorImpl.java:77)
java.base/jdk.internal.reflect.DelegatingMethodAccessorImpl.invoke(DelegatingMethodAccessorImpl.java:43)
com.kms.katalon.core.webui.keyword.internal.WebUIKeywordMain.runKeyword(WebUIKeywordMain.groovy:20)
com.kms.katalon.core.webui.keyword.internal.WebUIKeywordMain$runKeyword.call(Unknown Source)
com.kms.katalon.core.webui.keyword.builtin.WaitForElementNotPresentKeyword.waitForElementNotPresent(WaitForElementNotPresentKeyword.groovy:121)
com.kms.katalon.core.webui.keyword.builtin.WaitForElementNotPresentKeyword.execute(WaitForElementNotPresentKeyword.groovy:68)
com.kms.katalon.core.keyword.internal.KeywordExecutor.executeKeywordForPlatform(KeywordExecutor.groovy:74)
com.kms.katalon.core.webui.keyword.WebUiBuiltInKeywords.waitForElementNotPresent(WebUiBuiltInKeywords.groovy:313)
TCs_Khởi tạo yêu cầu.run(TCs_Khởi tạo yêu cầu:25)
</property>
</record>
<record>
  <date>2023-11-22T09:37:03.313418300Z</date>
  <millis>1700645823313</millis>
  <nanos>418300</nanos>
  <sequence>196</sequence>
  <level>END</level>
  <class>com.kms.katalon.core.logging.XmlKeywordLogger</class>
  <method>endKeyword</method>
  <thread>1</thread>
  <message>End action : waitForElementNotPresent(findTestObject(&amp;quot;Sidebar_Khay/pageLoading_Đang xử lý&amp;quot;), 120)</message>
  <nestedLevel>1</nestedLevel>
  <escapedJava>false</escapedJava>
</record>
<record>
  <date>2023-11-22T09:37:03.314415800Z</date>
  <millis>1700645823314</millis>
  <nanos>415800</nanos>
  <sequence>197</sequence>
  <level>START</level>
  <class>com.kms.katalon.core.logging.XmlKeywordLogger</class>
  <method>startKeyword</method>
  <thread>1</thread>
  <message>Start action : click(findTestObject(&amp;quot;Sidebar_Khay/button_Tạo mới&amp;quot;))</message>
  <nestedLevel>1</nestedLevel>
  <escapedJava>false</escapedJava>
  <property name="startLine">27</property>
  <property name="stepIndex">4</property>
</record>
<record>
  <date>2023-11-22T09:37:03.591087200Z</date>
  <millis>1700645823591</millis>
  <nanos>87200</nanos>
  <sequence>207</sequence>
  <level>PASSED</level>
  <class>com.kms.katalon.core.logging.XmlKeywordLogger</class>
  <method>logMessage</method>
  <thread>1</thread>
  <message>Object: &amp;apos;Object Repository/Sidebar_Khay/button_Tạo mới&amp;apos; is clicked on</message>
  <nestedLevel>2</nestedLevel>
  <escapedJava>false</escapedJava>
  <property name="testops-method-name">com.kms.katalon.core.webui.keyword.builtin.ClickKeyword.click</property>
  <property name="testops-execution-stacktrace"></property>
</record>
<record>
  <date>2023-11-22T09:37:03.592084Z</date>
  <millis>1700645823592</millis>
  <nanos>84000</nanos>
  <sequence>208</sequence>
  <level>END</level>
  <class>com.kms.katalon.core.logging.XmlKeywordLogger</class>
  <method>endKeyword</method>
  <thread>1</thread>
  <message>End action : click(findTestObject(&amp;quot;Sidebar_Khay/button_Tạo mới&amp;quot;))</message>
  <nestedLevel>1</nestedLevel>
  <escapedJava>false</escapedJava>
</record>
<record>
  <date>2023-11-22T09:37:03.592084Z</date>
  <millis>1700645823592</millis>
  <nanos>84000</nanos>
  <sequence>209</sequence>
  <level>PASSED</level>
  <class>com.kms.katalon.core.logging.XmlKeywordLogger</class>
  <method>logMessage</method>
  <thread>1</thread>
  <message>Test Cases/TCs_Luồng cấp mới/TCs_Tìm kiếm và khởi tạo/TCs_Khởi tạo yêu cầu</message>
  <nestedLevel>2</nestedLevel>
  <escapedJava>false</escapedJava>
</record>
<record>
  <date>2023-11-22T09:37:03.592084Z</date>
  <millis>1700645823592</millis>
  <nanos>84000</nanos>
  <sequence>210</sequence>
  <level>END</level>
  <class>com.kms.katalon.core.logging.XmlKeywordLogger</class>
  <method>endTest</method>
  <thread>1</thread>
  <message>End Test Case : Test Cases/TCs_Luồng cấp mới/TCs_Tìm kiếm và khởi tạo/TCs_Khởi tạo yêu cầu</message>
  <nestedLevel>1</nestedLevel>
  <escapedJava>false</escapedJava>
</record>
<record>
  <date>2023-11-22T09:37:03.592084Z</date>
  <millis>1700645823592</millis>
  <nanos>84000</nanos>
  <sequence>211</sequence>
  <level>PASSED</level>
  <class>com.kms.katalon.core.logging.XmlKeywordLogger</class>
  <method>logMessage</method>
  <thread>1</thread>
  <message>Call Test Case &amp;apos;Test Cases/TCs_Luồng cấp mới/TCs_Tìm kiếm và khởi tạo/TCs_Khởi tạo yêu cầu&amp;apos; successfully</message>
  <nestedLevel>1</nestedLevel>
  <escapedJava>false</escapedJava>
  <property name="testops-method-name">com.kms.katalon.core.keyword.builtin.CallTestCaseKeyword.callTestCase</property>
  <property name="testops-execution-stacktrace"></property>
</record>
<record>
  <date>2023-11-22T09:37:03.593080700Z</date>
  <millis>1700645823593</millis>
  <nanos>80700</nanos>
  <sequence>212</sequence>
  <level>END</level>
  <class>com.kms.katalon.core.logging.XmlKeywordLogger</class>
  <method>endKeyword</method>
  <thread>1</thread>
  <message>End action : callTestCase(findTestCase(&amp;quot;TCs_Luồng cấp mới/TCs_Tìm kiếm và khởi tạo/TCs_Khởi tạo yêu cầu&amp;quot;), [:], STOP_ON_FAILURE)</message>
  <nestedLevel>1</nestedLevel>
  <escapedJava>false</escapedJava>
</record>
<record>
  <date>2023-11-22T09:37:03.594077600Z</date>
  <millis>1700645823594</millis>
  <nanos>77600</nanos>
  <sequence>213</sequence>
  <level>START</level>
  <class>com.kms.katalon.core.logging.XmlKeywordLogger</class>
  <method>startKeyword</method>
  <thread>1</thread>
  <message>Start action : click(findTestObject(&amp;quot;Screen_Chi tiết yêu cầu/Screen_Chi tiết yêu cầu_Tab Thông tin hồ sơ/Screen_Chi tiết yêu cầu_Tab Thông tin hồ sơ_Subtab Thông tin khởi tạo/droplist_Luồng phê duyệt&amp;quot;))</message>
  <nestedLevel>1</nestedLevel>
  <escapedJava>false</escapedJava>
  <property name="startLine">22</property>
  <property name="stepIndex">2</property>
</record>
<record>
  <date>2023-11-22T09:37:24.420386100Z</date>
  <millis>1700645844420</millis>
  <nanos>386100</nanos>
  <sequence>227</sequence>
  <level>PASSED</level>
  <class>com.kms.katalon.core.logging.XmlKeywordLogger</class>
  <method>logMessage</method>
  <thread>1</thread>
  <message>Object: &amp;apos;Object Repository/Screen_Chi tiết yêu cầu/Screen_Chi tiết yêu cầu_Tab Thông tin hồ sơ/Screen_Chi tiết yêu cầu_Tab Thông tin hồ sơ_Subtab Thông tin khởi tạo/droplist_Luồng phê duyệt&amp;apos; is clicked on</message>
  <nestedLevel>1</nestedLevel>
  <escapedJava>false</escapedJava>
  <property name="testops-method-name">com.kms.katalon.core.webui.keyword.builtin.ClickKeyword.click</property>
  <property name="testops-execution-stacktrace"></property>
</record>
<record>
  <date>2023-11-22T09:37:24.422383400Z</date>
  <millis>1700645844422</millis>
  <nanos>383400</nanos>
  <sequence>228</sequence>
  <level>END</level>
  <class>com.kms.katalon.core.logging.XmlKeywordLogger</class>
  <method>endKeyword</method>
  <thread>1</thread>
  <message>End action : click(findTestObject(&amp;quot;Screen_Chi tiết yêu cầu/Screen_Chi tiết yêu cầu_Tab Thông tin hồ sơ/Screen_Chi tiết yêu cầu_Tab Thông tin hồ sơ_Subtab Thông tin khởi tạo/droplist_Luồng phê duyệt&amp;quot;))</message>
  <nestedLevel>1</nestedLevel>
  <escapedJava>false</escapedJava>
</record>
<record>
  <date>2023-11-22T09:37:24.422383400Z</date>
  <millis>1700645844422</millis>
  <nanos>383400</nanos>
  <sequence>229</sequence>
  <level>START</level>
  <class>com.kms.katalon.core.logging.XmlKeywordLogger</class>
  <method>startKeyword</method>
  <thread>1</thread>
  <message>Start action : click(findTestObject(&amp;quot;Screen_Chi tiết yêu cầu/Screen_Chi tiết yêu cầu_Tab Thông tin hồ sơ/Screen_Chi tiết yêu cầu_Tab Thông tin hồ sơ_Subtab Thông tin khởi tạo/droplistItem_Luồng phê duyệt_Luồng phê duyệt tại HO&amp;quot;))</message>
  <nestedLevel>1</nestedLevel>
  <escapedJava>false</escapedJava>
  <property name="startLine">24</property>
  <property name="stepIndex">3</property>
</record>
<record>
  <date>2023-11-22T09:37:24.946678200Z</date>
  <millis>1700645844946</millis>
  <nanos>678200</nanos>
  <sequence>239</sequence>
  <level>PASSED</level>
  <class>com.kms.katalon.core.logging.XmlKeywordLogger</class>
  <method>logMessage</method>
  <thread>1</thread>
  <message>Object: &amp;apos;Object Repository/Screen_Chi tiết yêu cầu/Screen_Chi tiết yêu cầu_Tab Thông tin hồ sơ/Screen_Chi tiết yêu cầu_Tab Thông tin hồ sơ_Subtab Thông tin khởi tạo/droplistItem_Luồng phê duyệt_Luồng phê duyệt tại HO&amp;apos; is clicked on</message>
  <nestedLevel>1</nestedLevel>
  <escapedJava>false</escapedJava>
  <property name="testops-method-name">com.kms.katalon.core.webui.keyword.builtin.ClickKeyword.click</property>
  <property name="testops-execution-stacktrace"></property>
</record>
<record>
  <date>2023-11-22T09:37:24.947675200Z</date>
  <millis>1700645844947</millis>
  <nanos>675200</nanos>
  <sequence>240</sequence>
  <level>END</level>
  <class>com.kms.katalon.core.logging.XmlKeywordLogger</class>
  <method>endKeyword</method>
  <thread>1</thread>
  <message>End action : click(findTestObject(&amp;quot;Screen_Chi tiết yêu cầu/Screen_Chi tiết yêu cầu_Tab Thông tin hồ sơ/Screen_Chi tiết yêu cầu_Tab Thông tin hồ sơ_Subtab Thông tin khởi tạo/droplistItem_Luồng phê duyệt_Luồng phê duyệt tại HO&amp;quot;))</message>
  <nestedLevel>1</nestedLevel>
  <escapedJava>false</escapedJava>
</record>
<record>
  <date>2023-11-22T09:37:24.947675200Z</date>
  <millis>1700645844947</millis>
  <nanos>675200</nanos>
  <sequence>241</sequence>
  <level>START</level>
  <class>com.kms.katalon.core.logging.XmlKeywordLogger</class>
  <method>startKeyword</method>
  <thread>1</thread>
  <message>Start action : click(findTestObject(&amp;quot;Screen_Chi tiết yêu cầu/Screen_Chi tiết yêu cầu_Tab Thông tin hồ sơ/Screen_Chi tiết yêu cầu_Tab Thông tin hồ sơ_Subtab Thông tin khởi tạo/droplist_Luồng trình&amp;quot;))</message>
  <nestedLevel>1</nestedLevel>
  <escapedJava>false</escapedJava>
  <property name="startLine">26</property>
  <property name="stepIndex">4</property>
</record>
<record>
  <date>2023-11-22T09:37:25.575668800Z</date>
  <millis>1700645845575</millis>
  <nanos>668800</nanos>
  <sequence>251</sequence>
  <level>PASSED</level>
  <class>com.kms.katalon.core.logging.XmlKeywordLogger</class>
  <method>logMessage</method>
  <thread>1</thread>
  <message>Object: &amp;apos;Object Repository/Screen_Chi tiết yêu cầu/Screen_Chi tiết yêu cầu_Tab Thông tin hồ sơ/Screen_Chi tiết yêu cầu_Tab Thông tin hồ sơ_Subtab Thông tin khởi tạo/droplist_Luồng trình&amp;apos; is clicked on</message>
  <nestedLevel>1</nestedLevel>
  <escapedJava>false</escapedJava>
  <property name="testops-method-name">com.kms.katalon.core.webui.keyword.builtin.ClickKeyword.click</property>
  <property name="testops-execution-stacktrace"></property>
</record>
<record>
  <date>2023-11-22T09:37:25.576666Z</date>
  <millis>1700645845576</millis>
  <nanos>666000</nanos>
  <sequence>252</sequence>
  <level>END</level>
  <class>com.kms.katalon.core.logging.XmlKeywordLogger</class>
  <method>endKeyword</method>
  <thread>1</thread>
  <message>End action : click(findTestObject(&amp;quot;Screen_Chi tiết yêu cầu/Screen_Chi tiết yêu cầu_Tab Thông tin hồ sơ/Screen_Chi tiết yêu cầu_Tab Thông tin hồ sơ_Subtab Thông tin khởi tạo/droplist_Luồng trình&amp;quot;))</message>
  <nestedLevel>1</nestedLevel>
  <escapedJava>false</escapedJava>
</record>
<record>
  <date>2023-11-22T09:37:25.577662200Z</date>
  <millis>1700645845577</millis>
  <nanos>662200</nanos>
  <sequence>253</sequence>
  <level>START</level>
  <class>com.kms.katalon.core.logging.XmlKeywordLogger</class>
  <method>startKeyword</method>
  <thread>1</thread>
  <message>Start action : click(findTestObject(&amp;quot;Screen_Chi tiết yêu cầu/Screen_Chi tiết yêu cầu_Tab Thông tin hồ sơ/Screen_Chi tiết yêu cầu_Tab Thông tin hồ sơ_Subtab Thông tin khởi tạo/droplistItem_Luồng trình_Luồng thường&amp;quot;))</message>
  <nestedLevel>1</nestedLevel>
  <escapedJava>false</escapedJava>
  <property name="startLine">28</property>
  <property name="stepIndex">5</property>
</record>
<record>
  <date>2023-11-22T09:37:26.095250800Z</date>
  <millis>1700645846095</millis>
  <nanos>250800</nanos>
  <sequence>263</sequence>
  <level>PASSED</level>
  <class>com.kms.katalon.core.logging.XmlKeywordLogger</class>
  <method>logMessage</method>
  <thread>1</thread>
  <message>Object: &amp;apos;Object Repository/Screen_Chi tiết yêu cầu/Screen_Chi tiết yêu cầu_Tab Thông tin hồ sơ/Screen_Chi tiết yêu cầu_Tab Thông tin hồ sơ_Subtab Thông tin khởi tạo/droplistItem_Luồng trình_Luồng thường&amp;apos; is clicked on</message>
  <nestedLevel>1</nestedLevel>
  <escapedJava>false</escapedJava>
  <property name="testops-method-name">com.kms.katalon.core.webui.keyword.builtin.ClickKeyword.click</property>
  <property name="testops-execution-stacktrace"></property>
</record>
<record>
  <date>2023-11-22T09:37:26.096249200Z</date>
  <millis>1700645846096</millis>
  <nanos>249200</nanos>
  <sequence>264</sequence>
  <level>END</level>
  <class>com.kms.katalon.core.logging.XmlKeywordLogger</class>
  <method>endKeyword</method>
  <thread>1</thread>
  <message>End action : click(findTestObject(&amp;quot;Screen_Chi tiết yêu cầu/Screen_Chi tiết yêu cầu_Tab Thông tin hồ sơ/Screen_Chi tiết yêu cầu_Tab Thông tin hồ sơ_Subtab Thông tin khởi tạo/droplistItem_Luồng trình_Luồng thường&amp;quot;))</message>
  <nestedLevel>1</nestedLevel>
  <escapedJava>false</escapedJava>
</record>
<record>
  <date>2023-11-22T09:37:26.096249200Z</date>
  <millis>1700645846096</millis>
  <nanos>249200</nanos>
  <sequence>265</sequence>
  <level>START</level>
  <class>com.kms.katalon.core.logging.XmlKeywordLogger</class>
  <method>startKeyword</method>
  <thread>1</thread>
  <message>Start action : click(findTestObject(&amp;quot;Screen_Chi tiết yêu cầu/Screen_Chi tiết yêu cầu_Tab Thông tin hồ sơ/Screen_Chi tiết yêu cầu_Tab Thông tin hồ sơ_Subtab Thông tin khởi tạo/droplist_Phân khúc khách hàng&amp;quot;))</message>
  <nestedLevel>1</nestedLevel>
  <escapedJava>false</escapedJava>
  <property name="startLine">30</property>
  <property name="stepIndex">6</property>
</record>
<record>
  <date>2023-11-22T09:37:26.724605300Z</date>
  <millis>1700645846724</millis>
  <nanos>605300</nanos>
  <sequence>275</sequence>
  <level>PASSED</level>
  <class>com.kms.katalon.core.logging.XmlKeywordLogger</class>
  <method>logMessage</method>
  <thread>1</thread>
  <message>Object: &amp;apos;Object Repository/Screen_Chi tiết yêu cầu/Screen_Chi tiết yêu cầu_Tab Thông tin hồ sơ/Screen_Chi tiết yêu cầu_Tab Thông tin hồ sơ_Subtab Thông tin khởi tạo/droplist_Phân khúc khách hàng&amp;apos; is clicked on</message>
  <nestedLevel>1</nestedLevel>
  <escapedJava>false</escapedJava>
  <property name="testops-method-name">com.kms.katalon.core.webui.keyword.builtin.ClickKeyword.click</property>
  <property name="testops-execution-stacktrace"></property>
</record>
<record>
  <date>2023-11-22T09:37:26.725602400Z</date>
  <millis>1700645846725</millis>
  <nanos>602400</nanos>
  <sequence>276</sequence>
  <level>END</level>
  <class>com.kms.katalon.core.logging.XmlKeywordLogger</class>
  <method>endKeyword</method>
  <thread>1</thread>
  <message>End action : click(findTestObject(&amp;quot;Screen_Chi tiết yêu cầu/Screen_Chi tiết yêu cầu_Tab Thông tin hồ sơ/Screen_Chi tiết yêu cầu_Tab Thông tin hồ sơ_Subtab Thông tin khởi tạo/droplist_Phân khúc khách hàng&amp;quot;))</message>
  <nestedLevel>1</nestedLevel>
  <escapedJava>false</escapedJava>
</record>
<record>
  <date>2023-11-22T09:37:26.725602400Z</date>
  <millis>1700645846725</millis>
  <nanos>602400</nanos>
  <sequence>277</sequence>
  <level>START</level>
  <class>com.kms.katalon.core.logging.XmlKeywordLogger</class>
  <method>startKeyword</method>
  <thread>1</thread>
  <message>Start action : click(findTestObject(&amp;quot;Screen_Chi tiết yêu cầu/Screen_Chi tiết yêu cầu_Tab Thông tin hồ sơ/Screen_Chi tiết yêu cầu_Tab Thông tin hồ sơ_Subtab Thông tin khởi tạo/droplistItem_Phân khúc khách hàng_SBO&amp;quot;))</message>
  <nestedLevel>1</nestedLevel>
  <escapedJava>false</escapedJava>
  <property name="startLine">32</property>
  <property name="stepIndex">7</property>
</record>
<record>
  <date>2023-11-22T09:37:27.249929600Z</date>
  <millis>1700645847249</millis>
  <nanos>929600</nanos>
  <sequence>287</sequence>
  <level>PASSED</level>
  <class>com.kms.katalon.core.logging.XmlKeywordLogger</class>
  <method>logMessage</method>
  <thread>1</thread>
  <message>Object: &amp;apos;Object Repository/Screen_Chi tiết yêu cầu/Screen_Chi tiết yêu cầu_Tab Thông tin hồ sơ/Screen_Chi tiết yêu cầu_Tab Thông tin hồ sơ_Subtab Thông tin khởi tạo/droplistItem_Phân khúc khách hàng_SBO&amp;apos; is clicked on</message>
  <nestedLevel>1</nestedLevel>
  <escapedJava>false</escapedJava>
  <property name="testops-method-name">com.kms.katalon.core.webui.keyword.builtin.ClickKeyword.click</property>
  <property name="testops-execution-stacktrace"></property>
</record>
<record>
  <date>2023-11-22T09:37:27.250919400Z</date>
  <millis>1700645847250</millis>
  <nanos>919400</nanos>
  <sequence>288</sequence>
  <level>END</level>
  <class>com.kms.katalon.core.logging.XmlKeywordLogger</class>
  <method>endKeyword</method>
  <thread>1</thread>
  <message>End action : click(findTestObject(&amp;quot;Screen_Chi tiết yêu cầu/Screen_Chi tiết yêu cầu_Tab Thông tin hồ sơ/Screen_Chi tiết yêu cầu_Tab Thông tin hồ sơ_Subtab Thông tin khởi tạo/droplistItem_Phân khúc khách hàng_SBO&amp;quot;))</message>
  <nestedLevel>1</nestedLevel>
  <escapedJava>false</escapedJava>
</record>
<record>
  <date>2023-11-22T09:37:27.250919400Z</date>
  <millis>1700645847250</millis>
  <nanos>919400</nanos>
  <sequence>289</sequence>
  <level>START</level>
  <class>com.kms.katalon.core.logging.XmlKeywordLogger</class>
  <method>startKeyword</method>
  <thread>1</thread>
  <message>Start action : setText(findTestObject(&amp;quot;Screen_Chi tiết yêu cầu/Screen_Chi tiết yêu cầu_Tab Thông tin hồ sơ/Screen_Chi tiết yêu cầu_Tab Thông tin hồ sơ_Subtab Thông tin khởi tạo/textbox_Mã đối tác&amp;quot;), MaDoiTac_Valid)</message>
  <nestedLevel>1</nestedLevel>
  <escapedJava>false</escapedJava>
  <property name="startLine">34</property>
  <property name="stepIndex">8</property>
</record>
<record>
  <date>2023-11-22T09:37:28.193688Z</date>
  <millis>1700645848193</millis>
  <nanos>688000</nanos>
  <sequence>305</sequence>
  <level>PASSED</level>
  <class>com.kms.katalon.core.logging.XmlKeywordLogger</class>
  <method>logMessage</method>
  <thread>1</thread>
  <message>Text &amp;apos;000123&amp;apos; is set on object &amp;apos;Object Repository/Screen_Chi tiết yêu cầu/Screen_Chi tiết yêu cầu_Tab Thông tin hồ sơ/Screen_Chi tiết yêu cầu_Tab Thông tin hồ sơ_Subtab Thông tin khởi tạo/textbox_Mã đối tác&amp;apos;</message>
  <nestedLevel>1</nestedLevel>
  <escapedJava>false</escapedJava>
  <property name="testops-method-name">com.kms.katalon.core.webui.keyword.builtin.SetTextKeyword.setText</property>
  <property name="testops-execution-stacktrace"></property>
</record>
<record>
  <date>2023-11-22T09:37:28.194685500Z</date>
  <millis>1700645848194</millis>
  <nanos>685500</nanos>
  <sequence>306</sequence>
  <level>END</level>
  <class>com.kms.katalon.core.logging.XmlKeywordLogger</class>
  <method>endKeyword</method>
  <thread>1</thread>
  <message>End action : setText(findTestObject(&amp;quot;Screen_Chi tiết yêu cầu/Screen_Chi tiết yêu cầu_Tab Thông tin hồ sơ/Screen_Chi tiết yêu cầu_Tab Thông tin hồ sơ_Subtab Thông tin khởi tạo/textbox_Mã đối tác&amp;quot;), MaDoiTac_Valid)</message>
  <nestedLevel>1</nestedLevel>
  <escapedJava>false</escapedJava>
</record>
<record>
  <date>2023-11-22T09:37:28.194685500Z</date>
  <millis>1700645848194</millis>
  <nanos>685500</nanos>
  <sequence>307</sequence>
  <level>START</level>
  <class>com.kms.katalon.core.logging.XmlKeywordLogger</class>
  <method>startKeyword</method>
  <thread>1</thread>
  <message>Start action : click(findTestObject(&amp;quot;Screen_Chi tiết yêu cầu/Screen_Chi tiết yêu cầu_Các action xử lý/button_Lưu&amp;quot;))</message>
  <nestedLevel>1</nestedLevel>
  <escapedJava>false</escapedJava>
  <property name="startLine">37</property>
  <property name="stepIndex">9</property>
</record>
<record>
  <date>2023-11-22T09:37:28.518811300Z</date>
  <millis>1700645848518</millis>
  <nanos>811300</nanos>
  <sequence>317</sequence>
  <level>PASSED</level>
  <class>com.kms.katalon.core.logging.XmlKeywordLogger</class>
  <method>logMessage</method>
  <thread>1</thread>
  <message>Object: &amp;apos;Object Repository/Screen_Chi tiết yêu cầu/Screen_Chi tiết yêu cầu_Các action xử lý/button_Lưu&amp;apos; is clicked on</message>
  <nestedLevel>1</nestedLevel>
  <escapedJava>false</escapedJava>
  <property name="testops-method-name">com.kms.katalon.core.webui.keyword.builtin.ClickKeyword.click</property>
  <property name="testops-execution-stacktrace"></property>
</record>
<record>
  <date>2023-11-22T09:37:28.519815300Z</date>
  <millis>1700645848519</millis>
  <nanos>815300</nanos>
  <sequence>318</sequence>
  <level>END</level>
  <class>com.kms.katalon.core.logging.XmlKeywordLogger</class>
  <method>endKeyword</method>
  <thread>1</thread>
  <message>End action : click(findTestObject(&amp;quot;Screen_Chi tiết yêu cầu/Screen_Chi tiết yêu cầu_Các action xử lý/button_Lưu&amp;quot;))</message>
  <nestedLevel>1</nestedLevel>
  <escapedJava>false</escapedJava>
</record>
<record>
  <date>2023-11-22T09:37:28.519815300Z</date>
  <millis>1700645848519</millis>
  <nanos>815300</nanos>
  <sequence>319</sequence>
  <level>PASSED</level>
  <class>com.kms.katalon.core.logging.XmlKeywordLogger</class>
  <method>logMessage</method>
  <thread>1</thread>
  <message>Test Cases/TCs_Luồng cấp mới/TCs_Nhập dữ liệu_Thông tin hồ sơ/TCs_Nhập dữ liệu_Thông tin hồ sơ_Thông tin khởi tạo</message>
  <nestedLevel>1</nestedLevel>
  <escapedJava>false</escapedJava>
</record>
<record>
  <date>2023-11-22T09:37:28.520805100Z</date>
  <millis>1700645848520</millis>
  <nanos>805100</nanos>
  <sequence>320</sequence>
  <level>END</level>
  <class>com.kms.katalon.core.logging.XmlKeywordLogger</class>
  <method>endTest</method>
  <thread>1</thread>
  <message>End Test Case : Test Cases/TCs_Luồng cấp mới/TCs_Nhập dữ liệu_Thông tin hồ sơ/TCs_Nhập dữ liệu_Thông tin hồ sơ_Thông tin khởi tạo</message>
  <nestedLevel>0</nestedLevel>
  <escapedJava>false</escapedJava>
  <property name="executionBindingVariables">[
  {
    &quot;displayReportName&quot;: &quot;(Default) MaDoi...&quot;,
    &quot;value&quot;: &quot;000123&quot;,
    &quot;name&quot;: &quot;(Default) MaDoiTac_Valid&quot;,
    &quot;masked&quot;: false
  }
]</property>
  <property name="applitools">false</property>
  <property name="remainingRetryCount">3</property>
  <property name="currentRetryCount">0</property>
  <property name="keywordsUsage">{
  &quot;web_ui&quot;: true,
  &quot;web_service&quot;: false,
  &quot;cucumber&quot;: false,
  &quot;builtin&quot;: true,
  &quot;mobile&quot;: false,
  &quot;windows&quot;: false,
  &quot;testng&quot;: false
}</property>
</record>
<record>
  <date>2023-11-22T09:37:28.521802600Z</date>
  <millis>1700645848521</millis>
  <nanos>802600</nanos>
  <sequence>321</sequence>
  <level>START</level>
  <class>com.kms.katalon.core.logging.XmlKeywordLogger</class>
  <method>startKeyword</method>
  <thread>1</thread>
  <message>Start listener action : exportKatalonReports</message>
  <nestedLevel>0</nestedLevel>
  <escapedJava>false</escapedJava>
</record>
<record>
  <date>2023-11-22T09:37:28.664419500Z</date>
  <millis>1700645848664</millis>
  <nanos>419500</nanos>
  <sequence>543</sequence>
  <level>INFO</level>
  <class>com.kms.katalon.core.logging.XmlKeywordLogger</class>
  <method>logMessage</method>
  <thread>1</thread>
  <message>Start generating HTML report folder at: D:\MSB\BPM\Katalon\Katalon_BPM_BOSBO\Reports\20231122_163633\TSs_Luồng cấp mới\Success_Luồng Thuận\20231122_163634...</message>
  <nestedLevel>0</nestedLevel>
  <escapedJava>false</escapedJava>
</record>
<record>
  <date>2023-11-22T09:37:28.694337800Z</date>
  <millis>1700645848694</millis>
  <nanos>337800</nanos>
  <sequence>544</sequence>
  <level>INFO</level>
  <class>com.kms.katalon.core.logging.XmlKeywordLogger</class>
  <method>logMessage</method>
  <thread>1</thread>
  <message>HTML report generated</message>
  <nestedLevel>0</nestedLevel>
  <escapedJava>false</escapedJava>
</record>
<record>
  <date>2023-11-22T09:37:28.694337800Z</date>
  <millis>1700645848694</millis>
  <nanos>337800</nanos>
  <sequence>545</sequence>
  <level>INFO</level>
  <class>com.kms.katalon.core.logging.XmlKeywordLogger</class>
  <method>logMessage</method>
  <thread>1</thread>
  <message>Start generating CSV report folder at: D:\MSB\BPM\Katalon\Katalon_BPM_BOSBO\Reports\20231122_163633\TSs_Luồng cấp mới\Success_Luồng Thuận\20231122_163634...</message>
  <nestedLevel>0</nestedLevel>
  <escapedJava>false</escapedJava>
</record>
<record>
  <date>2023-11-22T09:37:28.708299600Z</date>
  <millis>1700645848708</millis>
  <nanos>299600</nanos>
  <sequence>546</sequence>
  <level>INFO</level>
  <class>com.kms.katalon.core.logging.XmlKeywordLogger</class>
  <method>logMessage</method>
  <thread>1</thread>
  <message>CSV report generated</message>
  <nestedLevel>0</nestedLevel>
  <escapedJava>false</escapedJava>
</record>
<record>
  <date>2023-11-22T09:37:28.723259800Z</date>
  <millis>1700645848723</millis>
  <nanos>259800</nanos>
  <sequence>548</sequence>
  <level>END</level>
  <class>com.kms.katalon.core.logging.XmlKeywordLogger</class>
  <method>endKeyword</method>
  <thread>1</thread>
  <message>End listener action : exportKatalonReports</message>
  <nestedLevel>0</nestedLevel>
  <escapedJava>false</escapedJava>
</record>
<record>
  <date>2023-11-22T09:37:29.018462600Z</date>
  <millis>1700645849018</millis>
  <nanos>462600</nanos>
  <sequence>549</sequence>
  <level>END</level>
  <class>com.kms.katalon.core.logging.XmlKeywordLogger</class>
  <method>endSuite</method>
  <thread>1</thread>
  <message>End Test Suite : Test Suites/TSs_Luồng cấp mới/Success_Luồng Thuận</message>
  <nestedLevel>0</nestedLevel>
  <escapedJava>false</escapedJava>
</record>
</log>
